<?xml version="1.0" encoding="UTF-8"?>
<testsuite xmlns:xsi="http://www.w3.org/2001/XMLSchema-instance" xsi:noNamespaceSchemaLocation="https://maven.apache.org/surefire/maven-surefire-plugin/xsd/surefire-test-report-3.0.xsd" version="3.0" name="TestSuite" time="134.221" tests="12" errors="0" skipped="0" failures="0">
  <properties>
[...]
</properties>
  <testcase name="loginPageTitleTest" classname="com.jbkoffline.qa.testcases.LoginPageTest" time="0.008"/>
  <testcase name="urlLogoTest" classname="com.jbkoffline.qa.testcases.LoginPageTest" time="0.302"/>
  <testcase name="loginTest" classname="com.jbkoffline.qa.testcases.LoginPageTest" time="1.935"/>
  <testcase name="verifyHomePageTitleTest" classname="com.jbkoffline.qa.testcases.HomePageTest" time="0.008"/>
  <testcase name="verifyUsersLinkTest" classname="com.jbkoffline.qa.testcases.HomePageTest" time="0.382"/>
  <testcase name="verifyOperatorsLinkTest" classname="com.jbkoffline.qa.testcases.HomePageTest" time="0.252"/>
  <testcase name="verifyOperatorsTableTest" classname="com.jbkoffline.qa.testcases.OperatorsPageTest" time="20.847"/>
  <testcase name="LogOutTest" classname="com.jbkoffline.qa.testcases.OperatorsPageTest" time="0.234"/>
  <testcase name="verifyUsersPageLabelTest" classname="com.jbkoffline.qa.testcases.UsersPageTest" time="0.06"/>
  <testcase name="validateAddNewUsersTest" classname="com.jbkoffline.qa.testcases.UsersPageTest" time="2.753"/>
  <testcase name="verifyRegisterPageTitleTest" classname="com.jbkoffline.qa.testcases.RegisterPageTest" time="0.011"/>
  <testcase name="EnterRegisterUserDetails" classname="com.jbkoffline.qa.testcases.RegisterPageTest" time="1.571"/>
</testsuite>