<?xml version="1.0" encoding="UTF-8"?>
<!-- Generated by org.testng.reporters.JUnitXMLReporter -->
<testsuite hostname="LAPTOP-T2D0RNDH" ignored="1" name="Default test" tests="1" failures="0" timestamp="22 May 2019 11:34:31 GMT" time="22.923" errors="0">
  <testcase name="validateAddNewUsersTest" time="7.053" classname="com.jbkoffline.qa.testcases.UsersPageTest"/>
  <testcase name="verifyUsersPageLabelTest" time="0.0" classname="com.jbkoffline.qa.testcases.UsersPageTest">
    <ignored/>
  </testcase> <!-- verifyUsersPageLabelTest -->
</testsuite> <!-- Default test -->
