<?xml version="1.0" encoding="UTF-8"?>
<testng-results skipped="0" failed="0" ignored="1" total="2" passed="1">
  <reporter-output>
  </reporter-output>
  <suite name="Default suite" duration-ms="22923" started-at="2019-05-22T11:34:07Z" finished-at="2019-05-22T11:34:30Z">
    <groups>
    </groups>
    <test name="Default test" duration-ms="22923" started-at="2019-05-22T11:34:07Z" finished-at="2019-05-22T11:34:30Z">
      <class name="com.jbkoffline.qa.testcases.UsersPageTest">
        <test-method status="PASS" signature="setUp()[pri:0, instance:com.jbkoffline.qa.testcases.UsersPageTest@1f28c152]" name="setUp" is-config="true" duration-ms="13156" started-at="2019-05-22T11:34:09Z" finished-at="2019-05-22T11:34:22Z">
          <reporter-output>
          </reporter-output>
        </test-method> <!-- setUp -->
        <test-method status="PASS" signature="validateAddNewUsersTest(java.lang.String, java.lang.String, java.lang.String, java.lang.String, java.lang.String)[pri:2, instance:com.jbkoffline.qa.testcases.UsersPageTest@1f28c152]" name="validateAddNewUsersTest" duration-ms="7053" started-at="2019-05-22T11:34:22Z" data-provider="getAddUserData" finished-at="2019-05-22T11:34:29Z">
          <params>
            <param index="0">
              <value>
                <![CDATA[Kapil]]>
              </value>
            </param>
            <param index="1">
              <value>
                <![CDATA[8.1041041E9]]>
              </value>
            </param>
            <param index="2">
              <value>
                <![CDATA[abc@gmail.com]]>
              </value>
            </param>
            <param index="3">
              <value>
                <![CDATA[Maharashtra]]>
              </value>
            </param>
            <param index="4">
              <value>
                <![CDATA[987654.0]]>
              </value>
            </param>
          </params>
          <reporter-output>
          </reporter-output>
        </test-method> <!-- validateAddNewUsersTest -->
        <test-method status="PASS" signature="tearDown()[pri:0, instance:com.jbkoffline.qa.testcases.UsersPageTest@1f28c152]" name="tearDown" is-config="true" duration-ms="1385" started-at="2019-05-22T11:34:29Z" finished-at="2019-05-22T11:34:30Z">
          <reporter-output>
          </reporter-output>
        </test-method> <!-- tearDown -->
      </class> <!-- com.jbkoffline.qa.testcases.UsersPageTest -->
    </test> <!-- Default test -->
  </suite> <!-- Default suite -->
</testng-results>
