<?xml version="1.0" encoding="UTF-8"?>
<!-- Generated by org.testng.reporters.JUnitXMLReporter -->
<testsuite hostname="LAPTOP-T2D0RNDH" ignored="0" name="test with maven" tests="12" failures="0" timestamp="13 Mar 2019 16:12:56 GMT" time="134.342" errors="0">
  <testcase name="verifyHomePageTitleTest" time="0.064" classname="com.jbkoffline.qa.testcases.HomePageTest"/>
  <testcase name="loginPageTitleTest" time="0.016" classname="com.jbkoffline.qa.testcases.LoginPageTest"/>
  <testcase name="verifyUsersPageLabelTest" time="0.06" classname="com.jbkoffline.qa.testcases.UsersPageTest"/>
  <testcase name="verifyOperatorsTableTest" time="21.077" classname="com.jbkoffline.qa.testcases.OperatorsPageTest"/>
  <testcase name="verifyRegisterPageTitleTest" time="0.016" classname="com.jbkoffline.qa.testcases.RegisterPageTest"/>
  <testcase name="verifyUsersLinkTest" time="0.434" classname="com.jbkoffline.qa.testcases.HomePageTest"/>
  <testcase name="urlLogoTest" time="0.06" classname="com.jbkoffline.qa.testcases.LoginPageTest"/>
  <testcase name="validateAddNewUsersTest" time="4.134" classname="com.jbkoffline.qa.testcases.UsersPageTest"/>
  <testcase name="LogOutTest" time="0.231" classname="com.jbkoffline.qa.testcases.OperatorsPageTest"/>
  <testcase name="EnterRegisterUserDetails" time="1.803" classname="com.jbkoffline.qa.testcases.RegisterPageTest"/>
  <testcase name="verifyOperatorsLinkTest" time="0.363" classname="com.jbkoffline.qa.testcases.HomePageTest"/>
  <testcase name="loginTest" time="2.479" classname="com.jbkoffline.qa.testcases.LoginPageTest"/>
</testsuite> <!-- test with maven -->
