<?xml version="1.0" encoding="UTF-8"?>
<!-- Generated by org.testng.reporters.JUnitXMLReporter -->
<testsuite hostname="LAPTOP-T2D0RNDH" name="Test" tests="12" failures="0" timestamp="28 May 2019 08:33:32 GMT" time="131.526" errors="0">
  <testcase name="loginPageTitleTest" time="0.009" classname="com.jbkoffline.qa.testcases.LoginPageTest"/>
  <testcase name="urlLogoTest" time="0.302" classname="com.jbkoffline.qa.testcases.LoginPageTest"/>
  <testcase name="loginTest" time="1.935" classname="com.jbkoffline.qa.testcases.LoginPageTest"/>
  <testcase name="verifyHomePageTitleTest" time="0.008" classname="com.jbkoffline.qa.testcases.HomePageTest"/>
  <testcase name="verifyUsersLinkTest" time="0.382" classname="com.jbkoffline.qa.testcases.HomePageTest"/>
  <testcase name="verifyOperatorsLinkTest" time="0.252" classname="com.jbkoffline.qa.testcases.HomePageTest"/>
  <testcase name="verifyOperatorsTableTest" time="20.847" classname="com.jbkoffline.qa.testcases.OperatorsPageTest"/>
  <testcase name="LogOutTest" time="0.234" classname="com.jbkoffline.qa.testcases.OperatorsPageTest"/>
  <testcase name="verifyUsersPageLabelTest" time="0.06" classname="com.jbkoffline.qa.testcases.UsersPageTest"/>
  <testcase name="validateAddNewUsersTest" time="2.753" classname="com.jbkoffline.qa.testcases.UsersPageTest"/>
  <testcase name="verifyRegisterPageTitleTest" time="0.01" classname="com.jbkoffline.qa.testcases.RegisterPageTest"/>
  <testcase name="EnterRegisterUserDetails" time="1.57" classname="com.jbkoffline.qa.testcases.RegisterPageTest"/>
</testsuite> <!-- Test -->
