<?xml version="1.0" encoding="UTF-8"?>
<!-- Generated by org.testng.reporters.JUnitXMLReporter -->
<testsuite hostname="LAPTOP-T2D0RNDH" ignored="0" name="Test" tests="12" failures="0" timestamp="15 May 2019 09:34:23 GMT" time="115.292" errors="0">
  <testcase name="loginPageTitleTest" time="0.022" classname="com.jbkoffline.qa.testcases.LoginPageTest"/>
  <testcase name="verifyHomePageTitleTest" time="0.012" classname="com.jbkoffline.qa.testcases.HomePageTest"/>
  <testcase name="verifyOperatorsTableTest" time="20.897" classname="com.jbkoffline.qa.testcases.OperatorsPageTest"/>
  <testcase name="verifyUsersPageLabelTest" time="0.06" classname="com.jbkoffline.qa.testcases.UsersPageTest"/>
  <testcase name="verifyRegisterPageTitleTest" time="0.016" classname="com.jbkoffline.qa.testcases.RegisterPageTest"/>
  <testcase name="urlLogoTest" time="0.06" classname="com.jbkoffline.qa.testcases.LoginPageTest"/>
  <testcase name="verifyUsersLinkTest" time="0.354" classname="com.jbkoffline.qa.testcases.HomePageTest"/>
  <testcase name="LogOutTest" time="0.282" classname="com.jbkoffline.qa.testcases.OperatorsPageTest"/>
  <testcase name="validateAddNewUsersTest" time="3.186" classname="com.jbkoffline.qa.testcases.UsersPageTest"/>
  <testcase name="EnterRegisterUserDetails" time="1.795" classname="com.jbkoffline.qa.testcases.RegisterPageTest"/>
  <testcase name="loginTest" time="1.208" classname="com.jbkoffline.qa.testcases.LoginPageTest"/>
  <testcase name="verifyOperatorsLinkTest" time="0.421" classname="com.jbkoffline.qa.testcases.HomePageTest"/>
</testsuite> <!-- Test -->
