<?xml version="1.0" encoding="UTF-8"?>
<!-- Generated by org.testng.reporters.JUnitXMLReporter -->
<testsuite hostname="LAPTOP-T2D0RNDH" ignored="0" name="Command line test" tests="12" failures="0" timestamp="26 May 2019 14:02:59 GMT" time="280.329" errors="0">
  <testcase name="verifyHomePageTitleTest" time="0.325" classname="com.jbkoffline.qa.testcases.HomePageTest"/>
  <testcase name="loginPageTitleTest" time="0.008" classname="com.jbkoffline.qa.testcases.LoginPageTest"/>
  <testcase name="verifyOperatorsTableTest" time="21.47" classname="com.jbkoffline.qa.testcases.OperatorsPageTest"/>
  <testcase name="verifyRegisterPageTitleTest" time="0.008" classname="com.jbkoffline.qa.testcases.RegisterPageTest"/>
  <testcase name="verifyUsersPageLabelTest" time="0.09" classname="com.jbkoffline.qa.testcases.UsersPageTest"/>
  <testcase name="verifyUsersLinkTest" time="0.219" classname="com.jbkoffline.qa.testcases.HomePageTest"/>
  <testcase name="urlLogoTest" time="0.042" classname="com.jbkoffline.qa.testcases.LoginPageTest"/>
  <testcase name="LogOutTest" time="0.18" classname="com.jbkoffline.qa.testcases.OperatorsPageTest"/>
  <testcase name="EnterRegisterUserDetails" time="1.583" classname="com.jbkoffline.qa.testcases.RegisterPageTest"/>
  <testcase name="validateAddNewUsersTest" time="3.148" classname="com.jbkoffline.qa.testcases.UsersPageTest"/>
  <testcase name="verifyOperatorsLinkTest" time="0.198" classname="com.jbkoffline.qa.testcases.HomePageTest"/>
  <testcase name="loginTest" time="1.736" classname="com.jbkoffline.qa.testcases.LoginPageTest"/>
</testsuite> <!-- Command line test -->
